2018-12-30 08:32:18.969+0000 WARN [o.n.i.p.PageCache] The dbms.memory.pagecache.size setting has not been configured. It is recommended that this setting is always explicitly configured, to ensure the system has a balanced configuration. Until then, a computed heuristic value of 3291860992 bytes will be used instead. Run `neo4j-admin memrec` for memory configuration suggestions.
2018-12-30 08:32:19.287+0000 INFO [o.n.k.i.f.CommunityEditionModule] No locking implementation specified, defaulting to 'community'
2018-12-30 08:32:19.447+0000 INFO [o.n.k.AvailabilityGuard] Requirement makes database unavailable: Database available
2018-12-30 08:32:19.462+0000 INFO [o.n.k.i.DiagnosticsManager] --- INITIALIZED diagnostics START ---
2018-12-30 08:32:19.462+0000 INFO [o.n.k.i.DiagnosticsManager] Neo4j Kernel properties:
2018-12-30 08:32:19.462+0000 INFO [o.n.k.i.DiagnosticsManager] unsupported.dbms.directories.neo4j_home=C:\Users\q8975\IdeaProjects\movieDataWarehouse\datawarehouse\resources\data\movie.db
2018-12-30 08:32:19.462+0000 INFO [o.n.k.i.DiagnosticsManager] unsupported.dbms.edition=community
2018-12-30 08:32:19.462+0000 INFO [o.n.k.i.DiagnosticsManager] unsupported.dbms.ephemeral=false
2018-12-30 08:32:19.462+0000 INFO [o.n.k.i.DiagnosticsManager] Diagnostics providers:
2018-12-30 08:32:19.462+0000 INFO [o.n.k.i.DiagnosticsManager] org.neo4j.kernel.configuration.Config
2018-12-30 08:32:19.462+0000 INFO [o.n.k.i.DiagnosticsManager] org.neo4j.kernel.info.DiagnosticsManager
2018-12-30 08:32:19.462+0000 INFO [o.n.k.i.DiagnosticsManager] SYSTEM_MEMORY
2018-12-30 08:32:19.462+0000 INFO [o.n.k.i.DiagnosticsManager] JAVA_MEMORY
2018-12-30 08:32:19.462+0000 INFO [o.n.k.i.DiagnosticsManager] OPERATING_SYSTEM
2018-12-30 08:32:19.462+0000 INFO [o.n.k.i.DiagnosticsManager] JAVA_VIRTUAL_MACHINE
2018-12-30 08:32:19.462+0000 INFO [o.n.k.i.DiagnosticsManager] CLASSPATH
2018-12-30 08:32:19.463+0000 INFO [o.n.k.i.DiagnosticsManager] LIBRARY_PATH
2018-12-30 08:32:19.463+0000 INFO [o.n.k.i.DiagnosticsManager] SYSTEM_PROPERTIES
2018-12-30 08:32:19.463+0000 INFO [o.n.k.i.DiagnosticsManager] TIMEZONE_DATABASE
2018-12-30 08:32:19.463+0000 INFO [o.n.k.i.DiagnosticsManager] NETWORK
2018-12-30 08:32:19.463+0000 INFO [o.n.k.i.DiagnosticsManager] System memory information:
2018-12-30 08:32:19.464+0000 INFO [o.n.k.i.DiagnosticsManager] Total Physical memory: 7.89 GB
2018-12-30 08:32:19.465+0000 INFO [o.n.k.i.DiagnosticsManager] Free Physical memory: 1.92 GB
2018-12-30 08:32:19.465+0000 INFO [o.n.k.i.DiagnosticsManager] Committed virtual memory: 349.50 MB
2018-12-30 08:32:19.465+0000 INFO [o.n.k.i.DiagnosticsManager] Total swap space: 12.66 GB
2018-12-30 08:32:19.465+0000 INFO [o.n.k.i.DiagnosticsManager] Free swap space: 1.59 GB
2018-12-30 08:32:19.465+0000 INFO [o.n.k.i.DiagnosticsManager] JVM memory information:
2018-12-30 08:32:19.465+0000 INFO [o.n.k.i.DiagnosticsManager] Free  memory: 37.23 MB
2018-12-30 08:32:19.465+0000 INFO [o.n.k.i.DiagnosticsManager] Total memory: 88.50 MB
2018-12-30 08:32:19.465+0000 INFO [o.n.k.i.DiagnosticsManager] Max   memory: 1.75 GB
2018-12-30 08:32:19.467+0000 INFO [o.n.k.i.DiagnosticsManager] Garbage Collector: PS Scavenge: [PS Eden Space, PS Survivor Space]
2018-12-30 08:32:19.467+0000 INFO [o.n.k.i.DiagnosticsManager] Garbage Collector: PS MarkSweep: [PS Eden Space, PS Survivor Space, PS Old Gen]
2018-12-30 08:32:19.467+0000 INFO [o.n.k.i.DiagnosticsManager] Memory Pool: Code Cache (Non-heap memory): committed=9.50 MB, used=9.45 MB, max=240.00 MB, threshold=0.00 B
2018-12-30 08:32:19.467+0000 INFO [o.n.k.i.DiagnosticsManager] Memory Pool: Metaspace (Non-heap memory): committed=27.25 MB, used=25.62 MB, max=-1.00 B, threshold=0.00 B
2018-12-30 08:32:19.468+0000 INFO [o.n.k.i.DiagnosticsManager] Memory Pool: Compressed Class Space (Non-heap memory): committed=4.25 MB, used=3.83 MB, max=1.00 GB, threshold=0.00 B
2018-12-30 08:32:19.468+0000 INFO [o.n.k.i.DiagnosticsManager] Memory Pool: PS Eden Space (Heap memory): committed=32.50 MB, used=32.43 MB, max=663.00 MB, threshold=?
2018-12-30 08:32:19.468+0000 INFO [o.n.k.i.DiagnosticsManager] Memory Pool: PS Survivor Space (Heap memory): committed=5.00 MB, used=4.97 MB, max=5.00 MB, threshold=?
2018-12-30 08:32:19.468+0000 INFO [o.n.k.i.DiagnosticsManager] Memory Pool: PS Old Gen (Heap memory): committed=51.00 MB, used=13.87 MB, max=1.32 GB, threshold=0.00 B
2018-12-30 08:32:19.468+0000 INFO [o.n.k.i.DiagnosticsManager] Operating system information:
2018-12-30 08:32:19.468+0000 INFO [o.n.k.i.DiagnosticsManager] Operating System: Windows 10; version: 10.0; arch: amd64; cpus: 8
2018-12-30 08:32:19.480+0000 INFO [o.n.k.i.DiagnosticsManager] Process id: 13620@LAPTOP-C3MSGCIH
2018-12-30 08:32:19.480+0000 INFO [o.n.k.i.DiagnosticsManager] Byte order: LITTLE_ENDIAN
2018-12-30 08:32:19.481+0000 INFO [o.n.k.i.DiagnosticsManager] Local timezone: Asia/Shanghai
2018-12-30 08:32:19.482+0000 INFO [o.n.k.i.DiagnosticsManager] JVM information:
2018-12-30 08:32:19.482+0000 INFO [o.n.k.i.DiagnosticsManager] VM Name: Java HotSpot(TM) 64-Bit Server VM
2018-12-30 08:32:19.482+0000 INFO [o.n.k.i.DiagnosticsManager] VM Vendor: Oracle Corporation
2018-12-30 08:32:19.482+0000 INFO [o.n.k.i.DiagnosticsManager] VM Version: 25.191-b12
2018-12-30 08:32:19.482+0000 INFO [o.n.k.i.DiagnosticsManager] JIT compiler: HotSpot 64-Bit Tiered Compilers
2018-12-30 08:32:19.482+0000 INFO [o.n.k.i.DiagnosticsManager] VM Arguments: [-javaagent:D:\Program Files\JetBrains\IntelliJ IDEA 2018.3\lib\idea_rt.jar=50613:D:\Program Files\JetBrains\IntelliJ IDEA 2018.3\bin, -Dfile.encoding=UTF-8]
2018-12-30 08:32:19.482+0000 INFO [o.n.k.i.DiagnosticsManager] Java classpath:
2018-12-30 08:32:19.484+0000 INFO [o.n.k.i.DiagnosticsManager]  [loader.1] file:/C:/Program%20Files/Java/jdk1.8.0_191/jre/lib/ext/dnsns.jar
2018-12-30 08:32:19.484+0000 INFO [o.n.k.i.DiagnosticsManager]  [loader.1] file:/C:/Program%20Files/Java/jdk1.8.0_191/jre/lib/ext/nashorn.jar
2018-12-30 08:32:19.484+0000 INFO [o.n.k.i.DiagnosticsManager]  [bootstrap] C:\Program Files\Java\jdk1.8.0_191\jre\lib\jce.jar
2018-12-30 08:32:19.484+0000 INFO [o.n.k.i.DiagnosticsManager]  [loader.1] file:/C:/Program%20Files/Java/jdk1.8.0_191/jre/lib/ext/sunmscapi.jar
2018-12-30 08:32:19.484+0000 INFO [o.n.k.i.DiagnosticsManager]  [loader.1] file:/C:/Program%20Files/Java/jdk1.8.0_191/jre/lib/ext/sunpkcs11.jar
2018-12-30 08:32:19.484+0000 INFO [o.n.k.i.DiagnosticsManager]  [classpath + loader.0] file:/C:/Users/q8975/AppData/Local/Temp/classpath1918466442.jar
2018-12-30 08:32:19.484+0000 INFO [o.n.k.i.DiagnosticsManager]  [classpath] D:\Program Files\JetBrains\IntelliJ IDEA 2018.3\lib\idea_rt.jar
2018-12-30 08:32:19.484+0000 INFO [o.n.k.i.DiagnosticsManager]  [bootstrap] C:\Program Files\Java\jdk1.8.0_191\jre\classes
2018-12-30 08:32:19.484+0000 INFO [o.n.k.i.DiagnosticsManager]  [loader.1] file:/C:/Program%20Files/Java/jdk1.8.0_191/jre/lib/ext/cldrdata.jar
2018-12-30 08:32:19.484+0000 INFO [o.n.k.i.DiagnosticsManager]  [loader.1] file:/C:/Program%20Files/Java/jdk1.8.0_191/jre/lib/ext/jfxrt.jar
2018-12-30 08:32:19.484+0000 INFO [o.n.k.i.DiagnosticsManager]  [loader.1] file:/C:/Program%20Files/Java/jdk1.8.0_191/jre/lib/ext/zipfs.jar
2018-12-30 08:32:19.484+0000 INFO [o.n.k.i.DiagnosticsManager]  [bootstrap] C:\Program Files\Java\jdk1.8.0_191\jre\lib\sunrsasign.jar
2018-12-30 08:32:19.485+0000 INFO [o.n.k.i.DiagnosticsManager]  [bootstrap] C:\Program Files\Java\jdk1.8.0_191\jre\lib\resources.jar
2018-12-30 08:32:19.485+0000 INFO [o.n.k.i.DiagnosticsManager]  [bootstrap] C:\Program Files\Java\jdk1.8.0_191\jre\lib\charsets.jar
2018-12-30 08:32:19.485+0000 INFO [o.n.k.i.DiagnosticsManager]  [bootstrap] C:\Program Files\Java\jdk1.8.0_191\jre\lib\jsse.jar
2018-12-30 08:32:19.485+0000 INFO [o.n.k.i.DiagnosticsManager]  [loader.1] file:/C:/Program%20Files/Java/jdk1.8.0_191/jre/lib/ext/localedata.jar
2018-12-30 08:32:19.485+0000 INFO [o.n.k.i.DiagnosticsManager]  [loader.1] file:/C:/Program%20Files/Java/jdk1.8.0_191/jre/lib/ext/sunjce_provider.jar
2018-12-30 08:32:19.485+0000 INFO [o.n.k.i.DiagnosticsManager]  [loader.1] file:/C:/Program%20Files/Java/jdk1.8.0_191/jre/lib/ext/access-bridge-64.jar
2018-12-30 08:32:19.485+0000 INFO [o.n.k.i.DiagnosticsManager]  [loader.1] file:/C:/Program%20Files/Java/jdk1.8.0_191/jre/lib/ext/sunec.jar
2018-12-30 08:32:19.485+0000 INFO [o.n.k.i.DiagnosticsManager]  [bootstrap] C:\Program Files\Java\jdk1.8.0_191\jre\lib\jfr.jar
2018-12-30 08:32:19.485+0000 INFO [o.n.k.i.DiagnosticsManager]  [loader.0] file:/D:/Program%20Files/JetBrains/IntelliJ%20IDEA%202018.3/lib/idea_rt.jar
2018-12-30 08:32:19.485+0000 INFO [o.n.k.i.DiagnosticsManager]  [loader.1] file:/C:/Program%20Files/Java/jdk1.8.0_191/jre/lib/ext/jaccess.jar
2018-12-30 08:32:19.485+0000 INFO [o.n.k.i.DiagnosticsManager]  [bootstrap] C:\Program Files\Java\jdk1.8.0_191\jre\lib\rt.jar
2018-12-30 08:32:19.485+0000 INFO [o.n.k.i.DiagnosticsManager] Library path:
2018-12-30 08:32:19.486+0000 INFO [o.n.k.i.DiagnosticsManager] C:\Program Files\Java\jdk1.8.0_191\bin
2018-12-30 08:32:19.486+0000 INFO [o.n.k.i.DiagnosticsManager] C:\Windows\Sun\Java\bin
2018-12-30 08:32:19.487+0000 INFO [o.n.k.i.DiagnosticsManager] C:\Windows\System32
2018-12-30 08:32:19.487+0000 INFO [o.n.k.i.DiagnosticsManager] C:\Windows
2018-12-30 08:32:19.488+0000 INFO [o.n.k.i.DiagnosticsManager] C:\Program Files (x86)\Common Files\Oracle\Java\javapath
2018-12-30 08:32:19.489+0000 INFO [o.n.k.i.DiagnosticsManager] C:\Program Files (x86)\Intel\Intel(R) Management Engine Components\iCLS
2018-12-30 08:32:19.489+0000 INFO [o.n.k.i.DiagnosticsManager] C:\Program Files\Intel\Intel(R) Management Engine Components\iCLS
2018-12-30 08:32:19.489+0000 INFO [o.n.k.i.DiagnosticsManager] C:\Windows\System32
2018-12-30 08:32:19.489+0000 INFO [o.n.k.i.DiagnosticsManager] C:\Windows
2018-12-30 08:32:19.490+0000 INFO [o.n.k.i.DiagnosticsManager] C:\Windows\System32\wbem
2018-12-30 08:32:19.491+0000 INFO [o.n.k.i.DiagnosticsManager] C:\Windows\System32\WindowsPowerShell\v1.0
2018-12-30 08:32:19.491+0000 INFO [o.n.k.i.DiagnosticsManager] C:\Windows\System32\OpenSSH
2018-12-30 08:32:19.492+0000 INFO [o.n.k.i.DiagnosticsManager] C:\Program Files (x86)\Intel\Intel(R) Management Engine Components\DAL
2018-12-30 08:32:19.492+0000 INFO [o.n.k.i.DiagnosticsManager] C:\Program Files\Intel\Intel(R) Management Engine Components\DAL
2018-12-30 08:32:19.493+0000 INFO [o.n.k.i.DiagnosticsManager] C:\Program Files (x86)\Intel\Intel(R) Management Engine Components\IPT
2018-12-30 08:32:19.494+0000 INFO [o.n.k.i.DiagnosticsManager] C:\Program Files\Intel\Intel(R) Management Engine Components\IPT
2018-12-30 08:32:19.494+0000 INFO [o.n.k.i.DiagnosticsManager] C:\Program Files (x86)\NVIDIA Corporation\PhysX\Common
2018-12-30 08:32:19.495+0000 INFO [o.n.k.i.DiagnosticsManager] C:\Program Files\Intel\WiFi\bin
2018-12-30 08:32:19.495+0000 INFO [o.n.k.i.DiagnosticsManager] C:\Program Files\Common Files\Intel\WirelessCommon
2018-12-30 08:32:19.496+0000 INFO [o.n.k.i.DiagnosticsManager] C:\MinGW\bin
2018-12-30 08:32:19.496+0000 INFO [o.n.k.i.DiagnosticsManager] C:\Program Files\Java\jdk1.8.0_191\bin
2018-12-30 08:32:19.496+0000 INFO [o.n.k.i.DiagnosticsManager] D:\Program Files\Git\cmd
2018-12-30 08:32:19.496+0000 INFO [o.n.k.i.DiagnosticsManager] D:\Users\q8975\Anaconda3
2018-12-30 08:32:19.497+0000 INFO [o.n.k.i.DiagnosticsManager] D:\Users\q8975\Anaconda3\Library\mingw-w64\bin
2018-12-30 08:32:19.497+0000 INFO [o.n.k.i.DiagnosticsManager] D:\Users\q8975\Anaconda3\Library\usr\bin
2018-12-30 08:32:19.497+0000 INFO [o.n.k.i.DiagnosticsManager] D:\Users\q8975\Anaconda3\Library\bin
2018-12-30 08:32:19.498+0000 INFO [o.n.k.i.DiagnosticsManager] D:\Users\q8975\Anaconda3\Scripts
2018-12-30 08:32:19.499+0000 INFO [o.n.k.i.DiagnosticsManager] C:\Users\q8975\AppData\Local\Programs\Python\Python36\Scripts
2018-12-30 08:32:19.500+0000 INFO [o.n.k.i.DiagnosticsManager] C:\Users\q8975\AppData\Local\Programs\Python\Python36
2018-12-30 08:32:19.500+0000 INFO [o.n.k.i.DiagnosticsManager] C:\Users\q8975\AppData\Local\Microsoft\WindowsApps
2018-12-30 08:32:19.501+0000 INFO [o.n.k.i.DiagnosticsManager] D:\Program Files\JetBrains\WebStorm 2018.3\bin
2018-12-30 08:32:19.501+0000 INFO [o.n.k.i.DiagnosticsManager] D:\Program Files\JetBrains\PyCharm 2018.3\bin
2018-12-30 08:32:19.501+0000 INFO [o.n.k.i.DiagnosticsManager] D:\Users\q8975\AppData\Local\Programs\Microsoft VS Code\bin
2018-12-30 08:32:19.502+0000 INFO [o.n.k.i.DiagnosticsManager] D:\Program Files\JetBrains\IntelliJ IDEA 2018.3\bin
2018-12-30 08:32:19.502+0000 INFO [o.n.k.i.DiagnosticsManager] C:\Users\q8975\AppData\Local\GitHubDesktop\bin
2018-12-30 08:32:19.503+0000 INFO [o.n.k.i.DiagnosticsManager] C:\Users\q8975\IdeaProjects\movieDataWarehouse\datawarehouse
2018-12-30 08:32:19.503+0000 INFO [o.n.k.i.DiagnosticsManager] System.properties:
2018-12-30 08:32:19.503+0000 INFO [o.n.k.i.DiagnosticsManager] javafx.version = 8.0.191
2018-12-30 08:32:19.503+0000 INFO [o.n.k.i.DiagnosticsManager] sun.boot.library.path = C:\Program Files\Java\jdk1.8.0_191\jre\bin
2018-12-30 08:32:19.503+0000 INFO [o.n.k.i.DiagnosticsManager] path.separator = ;
2018-12-30 08:32:19.503+0000 INFO [o.n.k.i.DiagnosticsManager] file.encoding.pkg = sun.io
2018-12-30 08:32:19.503+0000 INFO [o.n.k.i.DiagnosticsManager] user.country = CN
2018-12-30 08:32:19.503+0000 INFO [o.n.k.i.DiagnosticsManager] user.script = 
2018-12-30 08:32:19.503+0000 INFO [o.n.k.i.DiagnosticsManager] sun.java.launcher = SUN_STANDARD
2018-12-30 08:32:19.503+0000 INFO [o.n.k.i.DiagnosticsManager] sun.os.patch.level = 
2018-12-30 08:32:19.509+0000 INFO [o.n.k.i.DiagnosticsManager] user.dir = C:\Users\q8975\IdeaProjects\movieDataWarehouse\datawarehouse
2018-12-30 08:32:19.509+0000 INFO [o.n.k.i.DiagnosticsManager] javafx.runtime.version = 8.0.191-b10
2018-12-30 08:32:19.509+0000 INFO [o.n.k.i.DiagnosticsManager] user.variant = 
2018-12-30 08:32:19.509+0000 INFO [o.n.k.i.DiagnosticsManager] sun.jnu.encoding = GBK
2018-12-30 08:32:19.509+0000 INFO [o.n.k.i.DiagnosticsManager] sun.management.compiler = HotSpot 64-Bit Tiered Compilers
2018-12-30 08:32:19.509+0000 INFO [o.n.k.i.DiagnosticsManager] user.home = C:\Users\q8975
2018-12-30 08:32:19.509+0000 INFO [o.n.k.i.DiagnosticsManager] user.timezone = Asia/Shanghai
2018-12-30 08:32:19.509+0000 INFO [o.n.k.i.DiagnosticsManager] file.encoding = UTF-8
2018-12-30 08:32:19.510+0000 INFO [o.n.k.i.DiagnosticsManager] user.name = q8975
2018-12-30 08:32:19.510+0000 INFO [o.n.k.i.DiagnosticsManager] sun.java.command = UI.QueryAndStatistics
2018-12-30 08:32:19.510+0000 INFO [o.n.k.i.DiagnosticsManager] sun.arch.data.model = 64
2018-12-30 08:32:19.510+0000 INFO [o.n.k.i.DiagnosticsManager] user.language = zh
2018-12-30 08:32:19.510+0000 INFO [o.n.k.i.DiagnosticsManager] awt.toolkit = sun.awt.windows.WToolkit
2018-12-30 08:32:19.510+0000 INFO [o.n.k.i.DiagnosticsManager] file.separator = \
2018-12-30 08:32:19.510+0000 INFO [o.n.k.i.DiagnosticsManager] sun.io.unicode.encoding = UnicodeLittle
2018-12-30 08:32:19.510+0000 INFO [o.n.k.i.DiagnosticsManager] sun.cpu.endian = little
2018-12-30 08:32:19.510+0000 INFO [o.n.k.i.DiagnosticsManager] sun.desktop = windows
2018-12-30 08:32:19.510+0000 INFO [o.n.k.i.DiagnosticsManager] sun.cpu.isalist = amd64
2018-12-30 08:32:19.510+0000 INFO [o.n.k.i.DiagnosticsManager] (IANA) TimeZone Database Version:
2018-12-30 08:32:19.536+0000 INFO [o.n.k.i.DiagnosticsManager]   TimeZone version: 2018e (available for 599 zone identifiers)
2018-12-30 08:32:19.536+0000 INFO [o.n.k.i.DiagnosticsManager] Network information:
2018-12-30 08:32:19.634+0000 INFO [o.n.k.i.DiagnosticsManager] Interface Software Loopback Interface 1:
2018-12-30 08:32:19.634+0000 INFO [o.n.k.i.DiagnosticsManager]     address: 127.0.0.1
2018-12-30 08:32:19.634+0000 INFO [o.n.k.i.DiagnosticsManager]     address: 0:0:0:0:0:0:0:1
2018-12-30 08:32:19.634+0000 INFO [o.n.k.i.DiagnosticsManager] Interface Microsoft 6to4 Adapter:
2018-12-30 08:32:19.634+0000 INFO [o.n.k.i.DiagnosticsManager] Interface Bluetooth Device (Personal Area Network):
2018-12-30 08:32:19.634+0000 INFO [o.n.k.i.DiagnosticsManager]     address: fe80:0:0:0:f1a0:8728:b5be:bc12%eth0
2018-12-30 08:32:19.634+0000 INFO [o.n.k.i.DiagnosticsManager] Interface Realtek USB GbE Family Controller:
2018-12-30 08:32:19.635+0000 INFO [o.n.k.i.DiagnosticsManager] Interface WAN Miniport (PPTP):
2018-12-30 08:32:19.635+0000 INFO [o.n.k.i.DiagnosticsManager] Interface WAN Miniport (L2TP):
2018-12-30 08:32:19.635+0000 INFO [o.n.k.i.DiagnosticsManager] Interface Microsoft Wi-Fi Direct Virtual Adapter #2:
2018-12-30 08:32:19.635+0000 INFO [o.n.k.i.DiagnosticsManager]     address: fe80:0:0:0:3428:5498:ed6d:b7c9%wlan0
2018-12-30 08:32:19.635+0000 INFO [o.n.k.i.DiagnosticsManager] Interface Microsoft IP-HTTPS Platform Adapter:
2018-12-30 08:32:19.635+0000 INFO [o.n.k.i.DiagnosticsManager] Interface WAN Miniport (Network Monitor):
2018-12-30 08:32:19.635+0000 INFO [o.n.k.i.DiagnosticsManager] Interface Array Networks SSL VPN Adapter:
2018-12-30 08:32:19.635+0000 INFO [o.n.k.i.DiagnosticsManager] Interface ASIX AX88179 USB 3.0 to Gigabit Ethernet Adapter:
2018-12-30 08:32:19.635+0000 INFO [o.n.k.i.DiagnosticsManager] Interface Microsoft Kernel Debug Network Adapter:
2018-12-30 08:32:19.635+0000 INFO [o.n.k.i.DiagnosticsManager] Interface WAN Miniport (IP):
2018-12-30 08:32:19.635+0000 INFO [o.n.k.i.DiagnosticsManager] Interface ASIX AX88179 USB 3.0 to Gigabit Ethernet Adapter #2:
2018-12-30 08:32:19.635+0000 INFO [o.n.k.i.DiagnosticsManager] Interface VMware Virtual Ethernet Adapter for VMnet1:
2018-12-30 08:32:19.635+0000 INFO [o.n.k.i.DiagnosticsManager]     address: 192.168.31.1
2018-12-30 08:32:19.635+0000 INFO [o.n.k.i.DiagnosticsManager]     address: fe80:0:0:0:f980:6e6:ce70:592b%eth8
2018-12-30 08:32:19.635+0000 INFO [o.n.k.i.DiagnosticsManager] Interface VMware Virtual Ethernet Adapter for VMnet8:
2018-12-30 08:32:19.635+0000 INFO [o.n.k.i.DiagnosticsManager]     address: 192.168.248.1
2018-12-30 08:32:19.635+0000 INFO [o.n.k.i.DiagnosticsManager]     address: fe80:0:0:0:9929:c8ab:d36a:2452%eth9
2018-12-30 08:32:19.635+0000 INFO [o.n.k.i.DiagnosticsManager] Interface Microsoft Teredo Tunneling Adapter:
2018-12-30 08:32:19.635+0000 INFO [o.n.k.i.DiagnosticsManager] Interface WAN Miniport (IPv6):
2018-12-30 08:32:19.635+0000 INFO [o.n.k.i.DiagnosticsManager] Interface Microsoft Wi-Fi Direct Virtual Adapter:
2018-12-30 08:32:19.635+0000 INFO [o.n.k.i.DiagnosticsManager]     address: fe80:0:0:0:b5b3:aff:4d09:db0e%wlan1
2018-12-30 08:32:19.635+0000 INFO [o.n.k.i.DiagnosticsManager] Interface WAN Miniport (SSTP):
2018-12-30 08:32:19.635+0000 INFO [o.n.k.i.DiagnosticsManager] Interface Sangfor SSL VPN CS Support System VNIC:
2018-12-30 08:32:19.635+0000 INFO [o.n.k.i.DiagnosticsManager] Interface Bluetooth Device (RFCOMM Protocol TDI):
2018-12-30 08:32:19.635+0000 INFO [o.n.k.i.DiagnosticsManager] Interface Intel(R) Dual Band Wireless-AC 8265:
2018-12-30 08:32:19.635+0000 INFO [o.n.k.i.DiagnosticsManager]     address: 192.168.0.201
2018-12-30 08:32:19.635+0000 INFO [o.n.k.i.DiagnosticsManager]     address: fe80:0:0:0:119c:994c:6fe1:e5c5%wlan2
2018-12-30 08:32:19.636+0000 INFO [o.n.k.i.DiagnosticsManager] Interface WAN Miniport (PPPOE):
2018-12-30 08:32:19.636+0000 INFO [o.n.k.i.DiagnosticsManager] Interface WAN Miniport (IKEv2):
2018-12-30 08:32:19.636+0000 INFO [o.n.k.i.DiagnosticsManager] Interface Intel(R) Dual Band Wireless-AC 8265-WFP Native MAC Layer LightWeight Filter-0000:
2018-12-30 08:32:19.636+0000 INFO [o.n.k.i.DiagnosticsManager] Interface Intel(R) Dual Band Wireless-AC 8265-Virtual WiFi Filter Driver-0000:
2018-12-30 08:32:19.636+0000 INFO [o.n.k.i.DiagnosticsManager] Interface Intel(R) Dual Band Wireless-AC 8265-Native WiFi Filter Driver-0000:
2018-12-30 08:32:19.636+0000 INFO [o.n.k.i.DiagnosticsManager] Interface Intel(R) Dual Band Wireless-AC 8265-QoS Packet Scheduler-0000:
2018-12-30 08:32:19.636+0000 INFO [o.n.k.i.DiagnosticsManager] Interface Intel(R) Dual Band Wireless-AC 8265-WFP 802.3 MAC Layer LightWeight Filter-0000:
2018-12-30 08:32:19.636+0000 INFO [o.n.k.i.DiagnosticsManager] Interface WAN Miniport (IP)-WFP Native MAC Layer LightWeight Filter-0000:
2018-12-30 08:32:19.636+0000 INFO [o.n.k.i.DiagnosticsManager] Interface WAN Miniport (IP)-QoS Packet Scheduler-0000:
2018-12-30 08:32:19.636+0000 INFO [o.n.k.i.DiagnosticsManager] Interface WAN Miniport (IPv6)-WFP Native MAC Layer LightWeight Filter-0000:
2018-12-30 08:32:19.636+0000 INFO [o.n.k.i.DiagnosticsManager] Interface WAN Miniport (IPv6)-QoS Packet Scheduler-0000:
2018-12-30 08:32:19.636+0000 INFO [o.n.k.i.DiagnosticsManager] Interface WAN Miniport (Network Monitor)-WFP Native MAC Layer LightWeight Filter-0000:
2018-12-30 08:32:19.636+0000 INFO [o.n.k.i.DiagnosticsManager] Interface WAN Miniport (Network Monitor)-QoS Packet Scheduler-0000:
2018-12-30 08:32:19.636+0000 INFO [o.n.k.i.DiagnosticsManager] Interface Microsoft Wi-Fi Direct Virtual Adapter-WFP Native MAC Layer LightWeight Filter-0000:
2018-12-30 08:32:19.636+0000 INFO [o.n.k.i.DiagnosticsManager] Interface Microsoft Wi-Fi Direct Virtual Adapter-Native WiFi Filter Driver-0000:
2018-12-30 08:32:19.636+0000 INFO [o.n.k.i.DiagnosticsManager] Interface Microsoft Wi-Fi Direct Virtual Adapter-QoS Packet Scheduler-0000:
2018-12-30 08:32:19.636+0000 INFO [o.n.k.i.DiagnosticsManager] Interface Microsoft Wi-Fi Direct Virtual Adapter-WFP 802.3 MAC Layer LightWeight Filter-0000:
2018-12-30 08:32:19.636+0000 INFO [o.n.k.i.DiagnosticsManager] Interface Microsoft Wi-Fi Direct Virtual Adapter #2-WFP Native MAC Layer LightWeight Filter-0000:
2018-12-30 08:32:19.636+0000 INFO [o.n.k.i.DiagnosticsManager] Interface Microsoft Wi-Fi Direct Virtual Adapter #2-Native WiFi Filter Driver-0000:
2018-12-30 08:32:19.636+0000 INFO [o.n.k.i.DiagnosticsManager] Interface Microsoft Wi-Fi Direct Virtual Adapter #2-QoS Packet Scheduler-0000:
2018-12-30 08:32:19.636+0000 INFO [o.n.k.i.DiagnosticsManager] Interface Microsoft Wi-Fi Direct Virtual Adapter #2-WFP 802.3 MAC Layer LightWeight Filter-0000:
2018-12-30 08:32:19.636+0000 INFO [o.n.k.i.DiagnosticsManager] --- INITIALIZED diagnostics END ---
2018-12-30 08:32:19.775+0000 INFO [o.n.k.i.s.f.RecordFormatSelector] Selected format 'RecordFormat:StandardV3_4[v0.A.9]' for the new store
2018-12-30 08:32:20.276+0000 INFO [o.n.k.i.i.l.NativeLabelScanStore] No label index found, this might just be first use. Preparing to rebuild.
2018-12-30 08:32:20.308+0000 INFO [o.n.k.NeoStoreDataSource] Rotated to transaction log [C:\Users\q8975\IdeaProjects\movieDataWarehouse\datawarehouse\resources\data\movie.db\neostore.transaction.db.0] version=0, last transaction in previous log=1
2018-12-30 08:32:20.309+0000 INFO [o.n.k.NeoStoreDataSource] No commits found after last check point (which is at <no log position given>)
2018-12-30 08:32:20.317+0000 WARN [o.n.k.i.s.MetaDataStore] Missing counts store, rebuilding it.
2018-12-30 08:32:20.440+0000 WARN [o.n.k.i.s.MetaDataStore] Counts store rebuild completed.
2018-12-30 08:32:20.458+0000 INFO [o.n.k.i.i.l.NativeLabelScanStore] Rebuilding label index, this may take a while
2018-12-30 08:32:20.465+0000 INFO [o.n.k.i.i.l.NativeLabelScanStore] Label index rebuilt (roughly 0 nodes)
2018-12-30 08:32:20.485+0000 INFO [o.n.k.i.DatabaseHealth] Database health set to OK
2018-12-30 08:32:20.953+0000 INFO [o.n.k.AvailabilityGuard] Fulfilling of requirement makes database available: Database available
2018-12-30 08:32:20.954+0000 INFO [o.n.k.i.f.GraphDatabaseFacadeFactory] Database is now ready
2018-12-30 08:32:20.955+0000 INFO [o.n.k.i.DiagnosticsManager] --- STARTED diagnostics for KernelDiagnostics:Versions START ---
2018-12-30 08:32:20.956+0000 INFO [o.n.k.i.DiagnosticsManager] Graph Database: community single StoreId{creationTime=1546158740062, randomId=-8686220990476055830, storeVersion=16094931155187206, upgradeTime=1546158740062, upgradeId=1}
2018-12-30 08:32:20.956+0000 INFO [o.n.k.i.DiagnosticsManager] Kernel version: 3.4.11,caef93a0f23fead51dd7995db1a018ef0321b923
2018-12-30 08:32:20.957+0000 INFO [o.n.k.i.DiagnosticsManager] --- STARTED diagnostics for KernelDiagnostics:Versions END ---
2018-12-30 08:32:20.960+0000 INFO [o.n.k.i.DiagnosticsManager] --- STARTED diagnostics for NEO_STORE_VERSIONS START ---
2018-12-30 08:32:20.960+0000 INFO [o.n.k.i.DiagnosticsManager] Store versions:
2018-12-30 08:32:20.961+0000 INFO [o.n.k.i.DiagnosticsManager] Store versions:
2018-12-30 08:32:20.962+0000 INFO [o.n.k.i.DiagnosticsManager]   ArrayPropertyStore v0.A.9
2018-12-30 08:32:20.962+0000 INFO [o.n.k.i.DiagnosticsManager]   NodeStore v0.A.9
2018-12-30 08:32:20.963+0000 INFO [o.n.k.i.DiagnosticsManager]   StringPropertyStore v0.A.9
2018-12-30 08:32:20.963+0000 INFO [o.n.k.i.DiagnosticsManager]   PropertyIndexStore v0.A.9
2018-12-30 08:32:20.963+0000 INFO [o.n.k.i.DiagnosticsManager]   StringPropertyStore v0.A.9
2018-12-30 08:32:20.964+0000 INFO [o.n.k.i.DiagnosticsManager]   ArrayPropertyStore v0.A.9
2018-12-30 08:32:20.964+0000 INFO [o.n.k.i.DiagnosticsManager]   PropertyStore v0.A.9
2018-12-30 08:32:20.965+0000 INFO [o.n.k.i.DiagnosticsManager]   RelationshipStore v0.A.9
2018-12-30 08:32:20.965+0000 INFO [o.n.k.i.DiagnosticsManager]   StringPropertyStore v0.A.9
2018-12-30 08:32:20.965+0000 INFO [o.n.k.i.DiagnosticsManager]   RelationshipTypeStore v0.A.9
2018-12-30 08:32:20.966+0000 INFO [o.n.k.i.DiagnosticsManager]   StringPropertyStore v0.A.9
2018-12-30 08:32:20.966+0000 INFO [o.n.k.i.DiagnosticsManager]   LabelTokenStore v0.A.9
2018-12-30 08:32:20.967+0000 INFO [o.n.k.i.DiagnosticsManager]   SchemaStore v0.A.9
2018-12-30 08:32:20.967+0000 INFO [o.n.k.i.DiagnosticsManager]   RelationshipGroupStore v0.A.9
2018-12-30 08:32:20.967+0000 INFO [o.n.k.i.DiagnosticsManager]   NeoStore v0.A.9
2018-12-30 08:32:20.968+0000 INFO [o.n.k.i.DiagnosticsManager] --- STARTED diagnostics for NEO_STORE_VERSIONS END ---
2018-12-30 08:32:20.968+0000 INFO [o.n.k.i.DiagnosticsManager] --- STARTED diagnostics for NEO_STORE_ID_USAGE START ---
2018-12-30 08:32:20.969+0000 INFO [o.n.k.i.DiagnosticsManager] Id usage:
2018-12-30 08:32:20.969+0000 INFO [o.n.k.i.DiagnosticsManager] Id usage:
2018-12-30 08:32:20.970+0000 INFO [o.n.k.i.DiagnosticsManager]   ArrayPropertyStore: used=1 high=0
2018-12-30 08:32:20.970+0000 INFO [o.n.k.i.DiagnosticsManager]   NodeStore: used=0 high=-1
2018-12-30 08:32:20.971+0000 INFO [o.n.k.i.DiagnosticsManager]   StringPropertyStore: used=1 high=0
2018-12-30 08:32:20.971+0000 INFO [o.n.k.i.DiagnosticsManager]   PropertyIndexStore: used=0 high=-1
2018-12-30 08:32:20.972+0000 INFO [o.n.k.i.DiagnosticsManager]   StringPropertyStore: used=1 high=0
2018-12-30 08:32:20.972+0000 INFO [o.n.k.i.DiagnosticsManager]   ArrayPropertyStore: used=1 high=0
2018-12-30 08:32:20.973+0000 INFO [o.n.k.i.DiagnosticsManager]   PropertyStore: used=0 high=-1
2018-12-30 08:32:20.973+0000 INFO [o.n.k.i.DiagnosticsManager]   RelationshipStore: used=0 high=-1
2018-12-30 08:32:20.973+0000 INFO [o.n.k.i.DiagnosticsManager]   StringPropertyStore: used=1 high=0
2018-12-30 08:32:20.974+0000 INFO [o.n.k.i.DiagnosticsManager]   RelationshipTypeStore: used=0 high=-1
2018-12-30 08:32:20.974+0000 INFO [o.n.k.i.DiagnosticsManager]   StringPropertyStore: used=1 high=0
2018-12-30 08:32:20.975+0000 INFO [o.n.k.i.DiagnosticsManager]   LabelTokenStore: used=0 high=-1
2018-12-30 08:32:20.975+0000 INFO [o.n.k.i.DiagnosticsManager]   SchemaStore: used=1 high=0
2018-12-30 08:32:20.975+0000 INFO [o.n.k.i.DiagnosticsManager]   RelationshipGroupStore: used=1 high=0
2018-12-30 08:32:20.976+0000 INFO [o.n.k.i.DiagnosticsManager]   NeoStore: used=15 high=14
2018-12-30 08:32:20.976+0000 INFO [o.n.k.i.DiagnosticsManager] --- STARTED diagnostics for NEO_STORE_ID_USAGE END ---
2018-12-30 08:32:20.977+0000 INFO [o.n.k.i.DiagnosticsManager] --- STARTED diagnostics for NEO_STORE_RECORDS START ---
2018-12-30 08:32:20.977+0000 INFO [o.n.k.i.DiagnosticsManager] Neostore records:
2018-12-30 08:32:20.978+0000 INFO [o.n.k.i.DiagnosticsManager] TIME (Creation time): 1546158740062
2018-12-30 08:32:20.978+0000 INFO [o.n.k.i.DiagnosticsManager] RANDOM_NUMBER (Random number for store id): -8686220990476055830
2018-12-30 08:32:20.979+0000 INFO [o.n.k.i.DiagnosticsManager] LOG_VERSION (Current log version): 0
2018-12-30 08:32:20.979+0000 INFO [o.n.k.i.DiagnosticsManager] LAST_TRANSACTION_ID (Last committed transaction): 1
2018-12-30 08:32:20.980+0000 INFO [o.n.k.i.DiagnosticsManager] STORE_VERSION (Store format version): 16094931155187206
2018-12-30 08:32:20.980+0000 INFO [o.n.k.i.DiagnosticsManager] FIRST_GRAPH_PROPERTY (First property record containing graph properties): -1
2018-12-30 08:32:20.981+0000 INFO [o.n.k.i.DiagnosticsManager] LAST_CONSTRAINT_TRANSACTION (Last committed transaction containing constraint changes): 0
2018-12-30 08:32:20.981+0000 INFO [o.n.k.i.DiagnosticsManager] UPGRADE_TRANSACTION_ID (Transaction id most recent upgrade was performed at): 1
2018-12-30 08:32:20.981+0000 INFO [o.n.k.i.DiagnosticsManager] UPGRADE_TIME (Time of last upgrade): 1546158740062
2018-12-30 08:32:20.982+0000 INFO [o.n.k.i.DiagnosticsManager] LAST_TRANSACTION_CHECKSUM (Checksum of last committed transaction): 0
2018-12-30 08:32:20.982+0000 INFO [o.n.k.i.DiagnosticsManager] UPGRADE_TRANSACTION_CHECKSUM (Checksum of transaction id the most recent upgrade was performed at): 0
2018-12-30 08:32:20.983+0000 INFO [o.n.k.i.DiagnosticsManager] LAST_CLOSED_TRANSACTION_LOG_VERSION (Log version where the last transaction commit entry has been written into): 0
2018-12-30 08:32:20.983+0000 INFO [o.n.k.i.DiagnosticsManager] LAST_CLOSED_TRANSACTION_LOG_BYTE_OFFSET (Byte offset in the log file where the last transaction commit entry has been written into): 16
2018-12-30 08:32:20.984+0000 INFO [o.n.k.i.DiagnosticsManager] LAST_TRANSACTION_COMMIT_TIMESTAMP (Commit time timestamp for last committed transaction): 0
2018-12-30 08:32:20.984+0000 INFO [o.n.k.i.DiagnosticsManager] UPGRADE_TRANSACTION_COMMIT_TIMESTAMP (Commit timestamp of transaction the most recent upgrade was performed at): 0
2018-12-30 08:32:20.984+0000 INFO [o.n.k.i.DiagnosticsManager] --- STARTED diagnostics for NEO_STORE_RECORDS END ---
2018-12-30 08:32:20.986+0000 INFO [o.n.k.i.DiagnosticsManager] --- STARTED diagnostics for TRANSACTION_RANGE START ---
2018-12-30 08:32:20.986+0000 INFO [o.n.k.i.DiagnosticsManager] Transaction log:
2018-12-30 08:32:20.988+0000 INFO [o.n.k.i.DiagnosticsManager] No transactions found in any log
2018-12-30 08:32:20.988+0000 INFO [o.n.k.i.DiagnosticsManager] --- STARTED diagnostics for TRANSACTION_RANGE END ---
2018-12-30 08:32:20.990+0000 INFO [o.n.k.i.DiagnosticsManager] --- STARTED diagnostics for KernelDiagnostics:StoreFiles START ---
2018-12-30 08:32:20.998+0000 INFO [o.n.k.i.DiagnosticsManager] Disk space on partition (Total / Free / Free %): 177300566016 / 118679601152 / 66
2018-12-30 08:32:20.999+0000 INFO [o.n.k.i.DiagnosticsManager] Storage files: (filename : modification date - size)
2018-12-30 08:32:21.001+0000 INFO [o.n.k.i.DiagnosticsManager]   index:
2018-12-30 08:32:21.002+0000 INFO [o.n.k.i.DiagnosticsManager]   - Total: 2018-12-30T16:32:20+0800 - 0.00 B
2018-12-30 08:32:21.002+0000 INFO [o.n.k.i.DiagnosticsManager]   logs:
2018-12-30 08:32:21.004+0000 INFO [o.n.k.i.DiagnosticsManager]     debug.log: 2018-12-30T16:32:18+0800 - 30.83 kB
2018-12-30 08:32:21.005+0000 INFO [o.n.k.i.DiagnosticsManager]   - Total: 2018-12-30T16:32:18+0800 - 30.83 kB
2018-12-30 08:32:21.006+0000 INFO [o.n.k.i.DiagnosticsManager]   neostore: 2018-12-30T16:32:20+0800 - 8.00 kB
2018-12-30 08:32:21.007+0000 INFO [o.n.k.i.DiagnosticsManager]   neostore.counts.db.a: 2018-12-30T16:32:20+0800 - 96.00 B
2018-12-30 08:32:21.007+0000 INFO [o.n.k.i.DiagnosticsManager]   neostore.id: 2018-12-30T16:32:20+0800 - 9.00 B
2018-12-30 08:32:21.008+0000 INFO [o.n.k.i.DiagnosticsManager]   neostore.labelscanstore.db: 2018-12-30T16:32:20+0800 - 40.00 kB
2018-12-30 08:32:21.009+0000 INFO [o.n.k.i.DiagnosticsManager]   neostore.labeltokenstore.db: 2018-12-30T16:32:19+0800 - 0.00 B
2018-12-30 08:32:21.010+0000 INFO [o.n.k.i.DiagnosticsManager]   neostore.labeltokenstore.db.id: 2018-12-30T16:32:20+0800 - 9.00 B
2018-12-30 08:32:21.011+0000 INFO [o.n.k.i.DiagnosticsManager]   neostore.labeltokenstore.db.names: 2018-12-30T16:32:19+0800 - 8.00 kB
2018-12-30 08:32:21.012+0000 INFO [o.n.k.i.DiagnosticsManager]   neostore.labeltokenstore.db.names.id: 2018-12-30T16:32:19+0800 - 9.00 B
2018-12-30 08:32:21.013+0000 INFO [o.n.k.i.DiagnosticsManager]   neostore.nodestore.db: 2018-12-30T16:32:19+0800 - 0.00 B
2018-12-30 08:32:21.014+0000 INFO [o.n.k.i.DiagnosticsManager]   neostore.nodestore.db.id: 2018-12-30T16:32:19+0800 - 9.00 B
2018-12-30 08:32:21.015+0000 INFO [o.n.k.i.DiagnosticsManager]   neostore.nodestore.db.labels: 2018-12-30T16:32:19+0800 - 8.00 kB
2018-12-30 08:32:21.015+0000 INFO [o.n.k.i.DiagnosticsManager]   neostore.nodestore.db.labels.id: 2018-12-30T16:32:19+0800 - 9.00 B
2018-12-30 08:32:21.016+0000 INFO [o.n.k.i.DiagnosticsManager]   neostore.propertystore.db: 2018-12-30T16:32:19+0800 - 0.00 B
2018-12-30 08:32:21.017+0000 INFO [o.n.k.i.DiagnosticsManager]   neostore.propertystore.db.arrays: 2018-12-30T16:32:19+0800 - 8.00 kB
2018-12-30 08:32:21.018+0000 INFO [o.n.k.i.DiagnosticsManager]   neostore.propertystore.db.arrays.id: 2018-12-30T16:32:19+0800 - 9.00 B
2018-12-30 08:32:21.019+0000 INFO [o.n.k.i.DiagnosticsManager]   neostore.propertystore.db.id: 2018-12-30T16:32:19+0800 - 9.00 B
2018-12-30 08:32:21.020+0000 INFO [o.n.k.i.DiagnosticsManager]   neostore.propertystore.db.index: 2018-12-30T16:32:19+0800 - 0.00 B
2018-12-30 08:32:21.021+0000 INFO [o.n.k.i.DiagnosticsManager]   neostore.propertystore.db.index.id: 2018-12-30T16:32:19+0800 - 9.00 B
2018-12-30 08:32:21.022+0000 INFO [o.n.k.i.DiagnosticsManager]   neostore.propertystore.db.index.keys: 2018-12-30T16:32:19+0800 - 8.00 kB
2018-12-30 08:32:21.023+0000 INFO [o.n.k.i.DiagnosticsManager]   neostore.propertystore.db.index.keys.id: 2018-12-30T16:32:19+0800 - 9.00 B
2018-12-30 08:32:21.024+0000 INFO [o.n.k.i.DiagnosticsManager]   neostore.propertystore.db.strings: 2018-12-30T16:32:19+0800 - 8.00 kB
2018-12-30 08:32:21.024+0000 INFO [o.n.k.i.DiagnosticsManager]   neostore.propertystore.db.strings.id: 2018-12-30T16:32:19+0800 - 9.00 B
2018-12-30 08:32:21.025+0000 INFO [o.n.k.i.DiagnosticsManager]   neostore.relationshipgroupstore.db: 2018-12-30T16:32:20+0800 - 8.00 kB
2018-12-30 08:32:21.026+0000 INFO [o.n.k.i.DiagnosticsManager]   neostore.relationshipgroupstore.db.id: 2018-12-30T16:32:20+0800 - 9.00 B
2018-12-30 08:32:21.027+0000 INFO [o.n.k.i.DiagnosticsManager]   neostore.relationshipstore.db: 2018-12-30T16:32:19+0800 - 0.00 B
2018-12-30 08:32:21.028+0000 INFO [o.n.k.i.DiagnosticsManager]   neostore.relationshipstore.db.id: 2018-12-30T16:32:19+0800 - 9.00 B
2018-12-30 08:32:21.029+0000 INFO [o.n.k.i.DiagnosticsManager]   neostore.relationshiptypestore.db: 2018-12-30T16:32:19+0800 - 0.00 B
2018-12-30 08:32:21.030+0000 INFO [o.n.k.i.DiagnosticsManager]   neostore.relationshiptypestore.db.id: 2018-12-30T16:32:19+0800 - 9.00 B
2018-12-30 08:32:21.031+0000 INFO [o.n.k.i.DiagnosticsManager]   neostore.relationshiptypestore.db.names: 2018-12-30T16:32:19+0800 - 8.00 kB
2018-12-30 08:32:21.032+0000 INFO [o.n.k.i.DiagnosticsManager]   neostore.relationshiptypestore.db.names.id: 2018-12-30T16:32:19+0800 - 9.00 B
2018-12-30 08:32:21.032+0000 INFO [o.n.k.i.DiagnosticsManager]   neostore.schemastore.db: 2018-12-30T16:32:20+0800 - 8.00 kB
2018-12-30 08:32:21.033+0000 INFO [o.n.k.i.DiagnosticsManager]   neostore.schemastore.db.id: 2018-12-30T16:32:20+0800 - 9.00 B
2018-12-30 08:32:21.034+0000 INFO [o.n.k.i.DiagnosticsManager]   neostore.transaction.db.0: 2018-12-30T16:32:20+0800 - 16.00 B
2018-12-30 08:32:21.035+0000 INFO [o.n.k.i.DiagnosticsManager]   store_lock: 2018-12-30T16:32:19+0800 - 0.00 B
2018-12-30 08:32:21.035+0000 INFO [o.n.k.i.DiagnosticsManager] Storage summary: 
2018-12-30 08:32:21.036+0000 INFO [o.n.k.i.DiagnosticsManager]   Total size of store: 143.08 kB
2018-12-30 08:32:21.036+0000 INFO [o.n.k.i.DiagnosticsManager]   Total size of mapped files: 112.00 kB
2018-12-30 08:32:21.037+0000 INFO [o.n.k.i.DiagnosticsManager] --- STARTED diagnostics for KernelDiagnostics:StoreFiles END ---
